[debug] [2021-02-20T07:20:09.282Z] ----------------------------------------------------------------------
[debug] [2021-02-20T07:20:09.284Z] Command:       /usr/local/Cellar/node/15.5.0/bin/node /usr/local/bin/firebase emulators:start --only functions
[debug] [2021-02-20T07:20:09.284Z] CLI Version:   9.4.0
[debug] [2021-02-20T07:20:09.284Z] Platform:      darwin
[debug] [2021-02-20T07:20:09.284Z] Node Version:  v15.5.0
[debug] [2021-02-20T07:20:09.286Z] Time:          Fri Feb 19 2021 23:20:09 GMT-0800 (Pacific Standard Time)
[debug] [2021-02-20T07:20:09.286Z] ----------------------------------------------------------------------
[debug] [2021-02-20T07:20:09.286Z] 
[debug] [2021-02-20T07:20:09.291Z] > command requires scopes: ["email","openid","https://www.googleapis.com/auth/cloudplatformprojects.readonly","https://www.googleapis.com/auth/firebase","https://www.googleapis.com/auth/cloud-platform"]
[debug] [2021-02-20T07:20:09.291Z] > authorizing via signed-in user
[info] i  emulators: Starting emulators: functions {"metadata":{"emulator":{"name":"hub"},"message":"Starting emulators: functions"}}
[debug] [2021-02-20T07:20:09.311Z] [hub] writing locator at /var/folders/y0/ww23tctd5c59v6mkgwywzm0c0000gn/T/hub-foodvisor-5f5fc.json
[warn] ⚠  functions: The following emulators are not running, calls to these services from the Functions emulator will affect production: auth, firestore, database, hosting, pubsub {"metadata":{"emulator":{"name":"functions"},"message":"The following emulators are not running, calls to these services from the Functions emulator will affect production: \u001b[1mauth, firestore, database, hosting, pubsub\u001b[22m"}}
[warn] ⚠  Your requested "node" version "15.5.0" doesn't match your global version "15" {"metadata":{"emulator":{"name":"functions"},"message":"Your requested \"node\" version \"15.5.0\" doesn't match your global version \"15\""}}
[debug] [2021-02-20T07:20:09.346Z] defaultcredentials: writing to file /Users/bassam/.config/firebase/bassamkazemi_dev_gmail.com_application_default_credentials.json
[debug] [2021-02-20T07:20:09.349Z] Setting GAC to /Users/bassam/.config/firebase/bassamkazemi_dev_gmail.com_application_default_credentials.json {"metadata":{"emulator":{"name":"functions"},"message":"Setting GAC to /Users/bassam/.config/firebase/bassamkazemi_dev_gmail.com_application_default_credentials.json"}}
[debug] [2021-02-20T07:20:09.351Z] > refreshing access token with scopes: []
[debug] [2021-02-20T07:20:09.352Z] >>> HTTP REQUEST POST https://www.googleapis.com/oauth2/v3/token  
 <request body omitted>
[debug] [2021-02-20T07:20:09.505Z] <<< HTTP RESPONSE 200 {"expires":"Mon, 01 Jan 1990 00:00:00 GMT","cache-control":"no-cache, no-store, max-age=0, must-revalidate","date":"Sat, 20 Feb 2021 07:20:09 GMT","pragma":"no-cache","content-type":"application/json; charset=utf-8","vary":"X-Origin, Referer, Origin,Accept-Encoding","server":"scaffolding on HTTPServer2","x-xss-protection":"0","x-frame-options":"SAMEORIGIN","x-content-type-options":"nosniff","alt-svc":"h3-29=\":443\"; ma=2592000,h3-T051=\":443\"; ma=2592000,h3-Q050=\":443\"; ma=2592000,h3-Q046=\":443\"; ma=2592000,h3-Q043=\":443\"; ma=2592000,quic=\":443\"; ma=2592000; v=\"46,43\"","accept-ranges":"none","transfer-encoding":"chunked"}
[debug] [2021-02-20T07:20:09.537Z] >>> [apiv2][query] GET https://firebase.googleapis.com/v1beta1/projects/foodvisor-5f5fc/adminSdkConfig [none]
[debug] [2021-02-20T07:20:09.813Z] <<< [apiv2][status] GET https://firebase.googleapis.com/v1beta1/projects/foodvisor-5f5fc/adminSdkConfig 200
[debug] [2021-02-20T07:20:09.813Z] <<< [apiv2][body] GET https://firebase.googleapis.com/v1beta1/projects/foodvisor-5f5fc/adminSdkConfig {"projectId":"foodvisor-5f5fc","storageBucket":"foodvisor-5f5fc.appspot.com"}
[info] i  ui: downloading ui-v1.4.1.zip... {"metadata":{"emulator":{"name":"ui"},"message":"downloading ui-v1.4.1.zip..."}}
[debug] [2021-02-20T07:20:09.866Z] >>> [apiv2][query] GET https://storage.googleapis.com/firebase-preview-drop/emulator/ui-v1.4.1.zip [none]
[debug] [2021-02-20T07:20:10.015Z] <<< [apiv2][status] GET https://storage.googleapis.com/firebase-preview-drop/emulator/ui-v1.4.1.zip 200
[debug] [2021-02-20T07:20:10.016Z] <<< [apiv2][body] GET https://storage.googleapis.com/firebase-preview-drop/emulator/ui-v1.4.1.zip [stream]
[debug] [2021-02-20T07:20:10.333Z] Ignoring unsupported arg: auto_download {"metadata":{"emulator":{"name":"ui"},"message":"Ignoring unsupported arg: auto_download"}}
[debug] [2021-02-20T07:20:10.333Z] Ignoring unsupported arg: port {"metadata":{"emulator":{"name":"ui"},"message":"Ignoring unsupported arg: port"}}
[debug] [2021-02-20T07:20:10.333Z] Starting Emulator UI with command {"binary":"node","args":["/Users/bassam/.cache/firebase/emulators/ui-v1.4.1/server.bundle.js"],"optionalArgs":[],"joinArgs":false} {"metadata":{"emulator":{"name":"ui"},"message":"Starting Emulator UI with command {\"binary\":\"node\",\"args\":[\"/Users/bassam/.cache/firebase/emulators/ui-v1.4.1/server.bundle.js\"],\"optionalArgs\":[],\"joinArgs\":false}"}}
[info] i  ui: Emulator UI logging to ui-debug.log {"metadata":{"emulator":{"name":"ui"},"message":"Emulator UI logging to \u001b[1mui-debug.log\u001b[22m"}}
[debug] [2021-02-20T07:20:10.425Z] Web / API server started at http://localhost:4000
 {"metadata":{"emulator":{"name":"ui"},"message":"Web / API server started at http://localhost:4000\n"}}
[info] i  functions: Watching "/Users/bassam/Projects/foodvisor/functions" for Cloud Functions... {"metadata":{"emulator":{"name":"functions"},"message":"Watching \"/Users/bassam/Projects/foodvisor/functions\" for Cloud Functions..."}}
[debug] [2021-02-20T07:20:10.614Z] [worker-pool] addWorker(~diagnostic~) {"metadata":{"emulator":{"name":"functions"},"message":"[worker-pool] addWorker(~diagnostic~)"}}
[debug] [2021-02-20T07:20:10.614Z] [worker-pool] Adding worker with key ~diagnostic~, total=1 {"metadata":{"emulator":{"name":"functions"},"message":"[worker-pool] Adding worker with key ~diagnostic~, total=1"}}
[debug] [2021-02-20T07:20:10.615Z] [worker-pool] submitWork(triggerId=) {"metadata":{"emulator":{"name":"functions"},"message":"[worker-pool] submitWork(triggerId=)"}}
[debug] [2021-02-20T07:20:10.615Z] [worker-~diagnostic~-108100c4-9553-4ae5-a54c-a87f66d4e6d4]: Assigning socketPath: /var/folders/y0/ww23tctd5c59v6mkgwywzm0c0000gn/T/fire_emu_5538.sock {"metadata":{"emulator":{"name":"functions"},"message":"[worker-~diagnostic~-108100c4-9553-4ae5-a54c-a87f66d4e6d4]: Assigning socketPath: /var/folders/y0/ww23tctd5c59v6mkgwywzm0c0000gn/T/fire_emu_5538.sock"}}
[debug] [2021-02-20T07:20:10.616Z] [worker-~diagnostic~-108100c4-9553-4ae5-a54c-a87f66d4e6d4]: BUSY {"metadata":{"emulator":{"name":"functions"},"message":"[worker-~diagnostic~-108100c4-9553-4ae5-a54c-a87f66d4e6d4]: BUSY"}}
[debug] [2021-02-20T07:20:10.737Z] [runtime-status] [5538] Functions runtime initialized. {"cwd":"/Users/bassam/Projects/foodvisor/functions","node_version":"15.5.0"} {"metadata":{"emulator":{"name":"functions"},"message":"[runtime-status] [5538] Functions runtime initialized. {\"cwd\":\"/Users/bassam/Projects/foodvisor/functions\",\"node_version\":\"15.5.0\"}"}}
[debug] [2021-02-20T07:20:10.737Z] [runtime-status] [5538] Disabled runtime features: undefined {"metadata":{"emulator":{"name":"functions"},"message":"[runtime-status] [5538] Disabled runtime features: undefined"}}
[debug] [2021-02-20T07:20:10.739Z] [runtime-status] [5538] Resolved module firebase-admin {"declared":true,"installed":true,"version":"9.5.0","resolution":"/Users/bassam/Projects/foodvisor/functions/node_modules/firebase-admin/lib/index.js"} {"metadata":{"emulator":{"name":"functions"},"message":"[runtime-status] [5538] Resolved module firebase-admin {\"declared\":true,\"installed\":true,\"version\":\"9.5.0\",\"resolution\":\"/Users/bassam/Projects/foodvisor/functions/node_modules/firebase-admin/lib/index.js\"}"}}
[debug] [2021-02-20T07:20:10.740Z] [runtime-status] [5538] Resolved module firebase-functions {"declared":true,"installed":true,"version":"3.13.1","resolution":"/Users/bassam/Projects/foodvisor/functions/node_modules/firebase-functions/lib/index.js"} {"metadata":{"emulator":{"name":"functions"},"message":"[runtime-status] [5538] Resolved module firebase-functions {\"declared\":true,\"installed\":true,\"version\":\"3.13.1\",\"resolution\":\"/Users/bassam/Projects/foodvisor/functions/node_modules/firebase-functions/lib/index.js\"}"}}
[debug] [2021-02-20T07:20:10.742Z] [runtime-status] [5538] Resolved module firebase-functions {"declared":true,"installed":true,"version":"3.13.1","resolution":"/Users/bassam/Projects/foodvisor/functions/node_modules/firebase-functions/lib/index.js"} {"metadata":{"emulator":{"name":"functions"},"message":"[runtime-status] [5538] Resolved module firebase-functions {\"declared\":true,\"installed\":true,\"version\":\"3.13.1\",\"resolution\":\"/Users/bassam/Projects/foodvisor/functions/node_modules/firebase-functions/lib/index.js\"}"}}
[debug] [2021-02-20T07:20:10.743Z] [runtime-status] [5538] Outgoing network have been stubbed. [{"name":"http","status":"mocked"},{"name":"http","status":"mocked"},{"name":"https","status":"mocked"},{"name":"https","status":"mocked"},{"name":"net","status":"mocked"}] {"metadata":{"emulator":{"name":"functions"},"message":"[runtime-status] [5538] Outgoing network have been stubbed. [{\"name\":\"http\",\"status\":\"mocked\"},{\"name\":\"http\",\"status\":\"mocked\"},{\"name\":\"https\",\"status\":\"mocked\"},{\"name\":\"https\",\"status\":\"mocked\"},{\"name\":\"net\",\"status\":\"mocked\"}]"}}
[debug] [2021-02-20T07:20:10.744Z] [runtime-status] [5538] Resolved module firebase-functions {"declared":true,"installed":true,"version":"3.13.1","resolution":"/Users/bassam/Projects/foodvisor/functions/node_modules/firebase-functions/lib/index.js"} {"metadata":{"emulator":{"name":"functions"},"message":"[runtime-status] [5538] Resolved module firebase-functions {\"declared\":true,\"installed\":true,\"version\":\"3.13.1\",\"resolution\":\"/Users/bassam/Projects/foodvisor/functions/node_modules/firebase-functions/lib/index.js\"}"}}
[debug] [2021-02-20T07:20:10.777Z] [runtime-status] [5538] Checked functions.config() {"config":{}} {"metadata":{"emulator":{"name":"functions"},"message":"[runtime-status] [5538] Checked functions.config() {\"config\":{}}"}}
[debug] [2021-02-20T07:20:10.778Z] [runtime-status] [5538] firebase-functions has been stubbed. {"functionsResolution":{"declared":true,"installed":true,"version":"3.13.1","resolution":"/Users/bassam/Projects/foodvisor/functions/node_modules/firebase-functions/lib/index.js"}} {"metadata":{"emulator":{"name":"functions"},"message":"[runtime-status] [5538] firebase-functions has been stubbed. {\"functionsResolution\":{\"declared\":true,\"installed\":true,\"version\":\"3.13.1\",\"resolution\":\"/Users/bassam/Projects/foodvisor/functions/node_modules/firebase-functions/lib/index.js\"}}"}}
[debug] [2021-02-20T07:20:10.778Z] [runtime-status] [5538] Resolved module firebase-functions {"declared":true,"installed":true,"version":"3.13.1","resolution":"/Users/bassam/Projects/foodvisor/functions/node_modules/firebase-functions/lib/index.js"} {"metadata":{"emulator":{"name":"functions"},"message":"[runtime-status] [5538] Resolved module firebase-functions {\"declared\":true,\"installed\":true,\"version\":\"3.13.1\",\"resolution\":\"/Users/bassam/Projects/foodvisor/functions/node_modules/firebase-functions/lib/index.js\"}"}}
[debug] [2021-02-20T07:20:10.778Z] [runtime-status] [5538] Resolved module firebase-admin {"declared":true,"installed":true,"version":"9.5.0","resolution":"/Users/bassam/Projects/foodvisor/functions/node_modules/firebase-admin/lib/index.js"} {"metadata":{"emulator":{"name":"functions"},"message":"[runtime-status] [5538] Resolved module firebase-admin {\"declared\":true,\"installed\":true,\"version\":\"9.5.0\",\"resolution\":\"/Users/bassam/Projects/foodvisor/functions/node_modules/firebase-admin/lib/index.js\"}"}}
[debug] [2021-02-20T07:20:10.779Z] [runtime-status] [5538] Resolved module firebase-functions {"declared":true,"installed":true,"version":"3.13.1","resolution":"/Users/bassam/Projects/foodvisor/functions/node_modules/firebase-functions/lib/index.js"} {"metadata":{"emulator":{"name":"functions"},"message":"[runtime-status] [5538] Resolved module firebase-functions {\"declared\":true,\"installed\":true,\"version\":\"3.13.1\",\"resolution\":\"/Users/bassam/Projects/foodvisor/functions/node_modules/firebase-functions/lib/index.js\"}"}}
[debug] [2021-02-20T07:20:10.779Z] [runtime-status] [5538] firebase-admin has been stubbed. {"adminResolution":{"declared":true,"installed":true,"version":"9.5.0","resolution":"/Users/bassam/Projects/foodvisor/functions/node_modules/firebase-admin/lib/index.js"}} {"metadata":{"emulator":{"name":"functions"},"message":"[runtime-status] [5538] firebase-admin has been stubbed. {\"adminResolution\":{\"declared\":true,\"installed\":true,\"version\":\"9.5.0\",\"resolution\":\"/Users/bassam/Projects/foodvisor/functions/node_modules/firebase-admin/lib/index.js\"}}"}}
[info] 
┌─────────────────────────────────────────────────────────────┐
│ ✔  All emulators ready! It is now safe to connect your app. │
│ i  View Emulator UI at http://localhost:4000                │
└─────────────────────────────────────────────────────────────┘

┌───────────┬────────────────┬─────────────────────────────────┐
│ Emulator  │ Host:Port      │ View in Emulator UI             │
├───────────┼────────────────┼─────────────────────────────────┤
│ Functions │ localhost:5001 │ http://localhost:4000/functions │
└───────────┴────────────────┴─────────────────────────────────┘
  Emulator Hub running at localhost:4400
  Other reserved ports: 4500

Issues? Report them at https://github.com/firebase/firebase-tools/issues and attach the *-debug.log files.
 
[debug] [2021-02-20T07:20:10.785Z] [worker-~diagnostic~-108100c4-9553-4ae5-a54c-a87f66d4e6d4]: IDLE {"metadata":{"emulator":{"name":"functions"},"message":"[worker-~diagnostic~-108100c4-9553-4ae5-a54c-a87f66d4e6d4]: IDLE"}}
[debug] [2021-02-20T07:21:35.831Z] File /Users/bassam/Projects/foodvisor/functions/index.js changed, reloading triggers {"metadata":{"emulator":{"name":"functions"},"message":"File /Users/bassam/Projects/foodvisor/functions/index.js changed, reloading triggers"}}
[debug] [2021-02-20T07:21:36.833Z] [worker-pool] Shutting down IDLE worker (~diagnostic~) {"metadata":{"emulator":{"name":"functions"},"message":"[worker-pool] Shutting down IDLE worker (~diagnostic~)"}}
[debug] [2021-02-20T07:21:36.834Z] [worker-~diagnostic~-108100c4-9553-4ae5-a54c-a87f66d4e6d4]: FINISHING {"metadata":{"emulator":{"name":"functions"},"message":"[worker-~diagnostic~-108100c4-9553-4ae5-a54c-a87f66d4e6d4]: FINISHING"}}
[debug] [2021-02-20T07:21:36.841Z] [worker-pool] addWorker(~diagnostic~) {"metadata":{"emulator":{"name":"functions"},"message":"[worker-pool] addWorker(~diagnostic~)"}}
[debug] [2021-02-20T07:21:36.842Z] [worker-pool] Adding worker with key ~diagnostic~, total=2 {"metadata":{"emulator":{"name":"functions"},"message":"[worker-pool] Adding worker with key ~diagnostic~, total=2"}}
[debug] [2021-02-20T07:21:36.842Z] [worker-pool] submitWork(triggerId=) {"metadata":{"emulator":{"name":"functions"},"message":"[worker-pool] submitWork(triggerId=)"}}
[debug] [2021-02-20T07:21:36.842Z] [worker-~diagnostic~-3b600d0e-b112-47ce-9f38-bdd61ffb2340]: Assigning socketPath: /var/folders/y0/ww23tctd5c59v6mkgwywzm0c0000gn/T/fire_emu_5570.sock {"metadata":{"emulator":{"name":"functions"},"message":"[worker-~diagnostic~-3b600d0e-b112-47ce-9f38-bdd61ffb2340]: Assigning socketPath: /var/folders/y0/ww23tctd5c59v6mkgwywzm0c0000gn/T/fire_emu_5570.sock"}}
[debug] [2021-02-20T07:21:36.842Z] [worker-~diagnostic~-3b600d0e-b112-47ce-9f38-bdd61ffb2340]: BUSY {"metadata":{"emulator":{"name":"functions"},"message":"[worker-~diagnostic~-3b600d0e-b112-47ce-9f38-bdd61ffb2340]: BUSY"}}
[debug] [2021-02-20T07:21:36.845Z] [worker-~diagnostic~-108100c4-9553-4ae5-a54c-a87f66d4e6d4]: exited {"metadata":{"emulator":{"name":"functions"},"message":"[worker-~diagnostic~-108100c4-9553-4ae5-a54c-a87f66d4e6d4]: exited"}}
[debug] [2021-02-20T07:21:36.845Z] [worker-~diagnostic~-108100c4-9553-4ae5-a54c-a87f66d4e6d4]: FINISHED {"metadata":{"emulator":{"name":"functions"},"message":"[worker-~diagnostic~-108100c4-9553-4ae5-a54c-a87f66d4e6d4]: FINISHED"}}
[debug] [2021-02-20T07:21:36.979Z] [runtime-status] [5570] Functions runtime initialized. {"cwd":"/Users/bassam/Projects/foodvisor/functions","node_version":"15.5.0"} {"metadata":{"emulator":{"name":"functions"},"message":"[runtime-status] [5570] Functions runtime initialized. {\"cwd\":\"/Users/bassam/Projects/foodvisor/functions\",\"node_version\":\"15.5.0\"}"}}
[debug] [2021-02-20T07:21:36.980Z] [runtime-status] [5570] Disabled runtime features: undefined {"metadata":{"emulator":{"name":"functions"},"message":"[runtime-status] [5570] Disabled runtime features: undefined"}}
[debug] [2021-02-20T07:21:36.983Z] [runtime-status] [5570] Resolved module firebase-admin {"declared":true,"installed":true,"version":"9.5.0","resolution":"/Users/bassam/Projects/foodvisor/functions/node_modules/firebase-admin/lib/index.js"} {"metadata":{"emulator":{"name":"functions"},"message":"[runtime-status] [5570] Resolved module firebase-admin {\"declared\":true,\"installed\":true,\"version\":\"9.5.0\",\"resolution\":\"/Users/bassam/Projects/foodvisor/functions/node_modules/firebase-admin/lib/index.js\"}"}}
[debug] [2021-02-20T07:21:36.984Z] [runtime-status] [5570] Resolved module firebase-functions {"declared":true,"installed":true,"version":"3.13.1","resolution":"/Users/bassam/Projects/foodvisor/functions/node_modules/firebase-functions/lib/index.js"} {"metadata":{"emulator":{"name":"functions"},"message":"[runtime-status] [5570] Resolved module firebase-functions {\"declared\":true,\"installed\":true,\"version\":\"3.13.1\",\"resolution\":\"/Users/bassam/Projects/foodvisor/functions/node_modules/firebase-functions/lib/index.js\"}"}}
[debug] [2021-02-20T07:21:36.985Z] [runtime-status] [5570] Resolved module firebase-functions {"declared":true,"installed":true,"version":"3.13.1","resolution":"/Users/bassam/Projects/foodvisor/functions/node_modules/firebase-functions/lib/index.js"} {"metadata":{"emulator":{"name":"functions"},"message":"[runtime-status] [5570] Resolved module firebase-functions {\"declared\":true,\"installed\":true,\"version\":\"3.13.1\",\"resolution\":\"/Users/bassam/Projects/foodvisor/functions/node_modules/firebase-functions/lib/index.js\"}"}}
[debug] [2021-02-20T07:21:36.987Z] [runtime-status] [5570] Outgoing network have been stubbed. [{"name":"http","status":"mocked"},{"name":"http","status":"mocked"},{"name":"https","status":"mocked"},{"name":"https","status":"mocked"},{"name":"net","status":"mocked"}] {"metadata":{"emulator":{"name":"functions"},"message":"[runtime-status] [5570] Outgoing network have been stubbed. [{\"name\":\"http\",\"status\":\"mocked\"},{\"name\":\"http\",\"status\":\"mocked\"},{\"name\":\"https\",\"status\":\"mocked\"},{\"name\":\"https\",\"status\":\"mocked\"},{\"name\":\"net\",\"status\":\"mocked\"}]"}}
[debug] [2021-02-20T07:21:36.987Z] [runtime-status] [5570] Resolved module firebase-functions {"declared":true,"installed":true,"version":"3.13.1","resolution":"/Users/bassam/Projects/foodvisor/functions/node_modules/firebase-functions/lib/index.js"} {"metadata":{"emulator":{"name":"functions"},"message":"[runtime-status] [5570] Resolved module firebase-functions {\"declared\":true,\"installed\":true,\"version\":\"3.13.1\",\"resolution\":\"/Users/bassam/Projects/foodvisor/functions/node_modules/firebase-functions/lib/index.js\"}"}}
[debug] [2021-02-20T07:21:37.022Z] [runtime-status] [5570] Checked functions.config() {"config":{}} {"metadata":{"emulator":{"name":"functions"},"message":"[runtime-status] [5570] Checked functions.config() {\"config\":{}}"}}
[debug] [2021-02-20T07:21:37.023Z] [runtime-status] [5570] firebase-functions has been stubbed. {"functionsResolution":{"declared":true,"installed":true,"version":"3.13.1","resolution":"/Users/bassam/Projects/foodvisor/functions/node_modules/firebase-functions/lib/index.js"}} {"metadata":{"emulator":{"name":"functions"},"message":"[runtime-status] [5570] firebase-functions has been stubbed. {\"functionsResolution\":{\"declared\":true,\"installed\":true,\"version\":\"3.13.1\",\"resolution\":\"/Users/bassam/Projects/foodvisor/functions/node_modules/firebase-functions/lib/index.js\"}}"}}
[debug] [2021-02-20T07:21:37.023Z] [runtime-status] [5570] Resolved module firebase-functions {"declared":true,"installed":true,"version":"3.13.1","resolution":"/Users/bassam/Projects/foodvisor/functions/node_modules/firebase-functions/lib/index.js"} {"metadata":{"emulator":{"name":"functions"},"message":"[runtime-status] [5570] Resolved module firebase-functions {\"declared\":true,\"installed\":true,\"version\":\"3.13.1\",\"resolution\":\"/Users/bassam/Projects/foodvisor/functions/node_modules/firebase-functions/lib/index.js\"}"}}
[debug] [2021-02-20T07:21:37.023Z] [runtime-status] [5570] Resolved module firebase-admin {"declared":true,"installed":true,"version":"9.5.0","resolution":"/Users/bassam/Projects/foodvisor/functions/node_modules/firebase-admin/lib/index.js"} {"metadata":{"emulator":{"name":"functions"},"message":"[runtime-status] [5570] Resolved module firebase-admin {\"declared\":true,\"installed\":true,\"version\":\"9.5.0\",\"resolution\":\"/Users/bassam/Projects/foodvisor/functions/node_modules/firebase-admin/lib/index.js\"}"}}
[debug] [2021-02-20T07:21:37.024Z] [runtime-status] [5570] Resolved module firebase-functions {"declared":true,"installed":true,"version":"3.13.1","resolution":"/Users/bassam/Projects/foodvisor/functions/node_modules/firebase-functions/lib/index.js"} {"metadata":{"emulator":{"name":"functions"},"message":"[runtime-status] [5570] Resolved module firebase-functions {\"declared\":true,\"installed\":true,\"version\":\"3.13.1\",\"resolution\":\"/Users/bassam/Projects/foodvisor/functions/node_modules/firebase-functions/lib/index.js\"}"}}
[debug] [2021-02-20T07:21:37.024Z] [runtime-status] [5570] firebase-admin has been stubbed. {"adminResolution":{"declared":true,"installed":true,"version":"9.5.0","resolution":"/Users/bassam/Projects/foodvisor/functions/node_modules/firebase-admin/lib/index.js"}} {"metadata":{"emulator":{"name":"functions"},"message":"[runtime-status] [5570] firebase-admin has been stubbed. {\"adminResolution\":{\"declared\":true,\"installed\":true,\"version\":\"9.5.0\",\"resolution\":\"/Users/bassam/Projects/foodvisor/functions/node_modules/firebase-admin/lib/index.js\"}}"}}
[info] ✔  functions[helloWorld]: http function initialized (http://localhost:5001/foodvisor-5f5fc/us-central1/helloWorld). {"metadata":{"emulator":{"name":"functions"},"message":"\u001b[1mhttp\u001b[22m function initialized (http://localhost:5001/foodvisor-5f5fc/us-central1/helloWorld)."}}
[debug] [2021-02-20T07:21:37.026Z] [worker-~diagnostic~-3b600d0e-b112-47ce-9f38-bdd61ffb2340]: IDLE {"metadata":{"emulator":{"name":"functions"},"message":"[worker-~diagnostic~-3b600d0e-b112-47ce-9f38-bdd61ffb2340]: IDLE"}}
[debug] [2021-02-20T07:22:16.031Z] Functions emulator received unknown request at path /
[debug] [2021-02-20T07:22:16.278Z] Functions emulator received unknown request at path /favicon.ico
[debug] [2021-02-20T07:23:14.636Z] [work-queue] {"queueLength":1,"workRunningCount":0}
[debug] [2021-02-20T07:23:14.637Z] [work-queue] {"queueLength":0,"workRunningCount":1}
[debug] [2021-02-20T07:23:14.637Z] Accepted request GET /foodvisor-5f5fc/us-central1/helloWorld --> helloWorld
[debug] [2021-02-20T07:23:14.638Z] [worker-pool] Cleaned up workers for ~diagnostic~: 2 --> 1 {"metadata":{"emulator":{"name":"functions"},"message":"[worker-pool] Cleaned up workers for ~diagnostic~: 2 --> 1"}}
[debug] [2021-02-20T07:23:14.646Z] [worker-pool] addWorker(helloWorld) {"metadata":{"emulator":{"name":"functions"},"message":"[worker-pool] addWorker(helloWorld)"}}
[debug] [2021-02-20T07:23:14.647Z] [worker-pool] Adding worker with key helloWorld, total=1 {"metadata":{"emulator":{"name":"functions"},"message":"[worker-pool] Adding worker with key helloWorld, total=1"}}
[debug] [2021-02-20T07:23:14.647Z] [worker-pool] submitWork(triggerId=helloWorld) {"metadata":{"emulator":{"name":"functions"},"message":"[worker-pool] submitWork(triggerId=helloWorld)"}}
[debug] [2021-02-20T07:23:14.648Z] [worker-helloWorld-05f9f6a6-89b0-4fdb-9852-acaacc210a48]: Assigning socketPath: /var/folders/y0/ww23tctd5c59v6mkgwywzm0c0000gn/T/fire_emu_5607.sock {"metadata":{"emulator":{"name":"functions"},"message":"[worker-helloWorld-05f9f6a6-89b0-4fdb-9852-acaacc210a48]: Assigning socketPath: /var/folders/y0/ww23tctd5c59v6mkgwywzm0c0000gn/T/fire_emu_5607.sock"}}
[debug] [2021-02-20T07:23:14.648Z] [worker-helloWorld-05f9f6a6-89b0-4fdb-9852-acaacc210a48]: BUSY {"metadata":{"emulator":{"name":"functions"},"message":"[worker-helloWorld-05f9f6a6-89b0-4fdb-9852-acaacc210a48]: BUSY"}}
[debug] [2021-02-20T07:23:14.905Z] [runtime-status] [5607] Functions runtime initialized. {"cwd":"/Users/bassam/Projects/foodvisor/functions","node_version":"15.5.0"} {"metadata":{"emulator":{"name":"functions"},"function":{"name":"helloWorld"},"message":"[runtime-status] [5607] Functions runtime initialized. {\"cwd\":\"/Users/bassam/Projects/foodvisor/functions\",\"node_version\":\"15.5.0\"}"}}
[debug] [2021-02-20T07:23:14.906Z] [runtime-status] [5607] Disabled runtime features: undefined {"metadata":{"emulator":{"name":"functions"},"function":{"name":"helloWorld"},"message":"[runtime-status] [5607] Disabled runtime features: undefined"}}
[debug] [2021-02-20T07:23:14.909Z] [runtime-status] [5607] Resolved module firebase-admin {"declared":true,"installed":true,"version":"9.5.0","resolution":"/Users/bassam/Projects/foodvisor/functions/node_modules/firebase-admin/lib/index.js"} {"metadata":{"emulator":{"name":"functions"},"function":{"name":"helloWorld"},"message":"[runtime-status] [5607] Resolved module firebase-admin {\"declared\":true,\"installed\":true,\"version\":\"9.5.0\",\"resolution\":\"/Users/bassam/Projects/foodvisor/functions/node_modules/firebase-admin/lib/index.js\"}"}}
[debug] [2021-02-20T07:23:14.911Z] [runtime-status] [5607] Resolved module firebase-functions {"declared":true,"installed":true,"version":"3.13.1","resolution":"/Users/bassam/Projects/foodvisor/functions/node_modules/firebase-functions/lib/index.js"} {"metadata":{"emulator":{"name":"functions"},"function":{"name":"helloWorld"},"message":"[runtime-status] [5607] Resolved module firebase-functions {\"declared\":true,\"installed\":true,\"version\":\"3.13.1\",\"resolution\":\"/Users/bassam/Projects/foodvisor/functions/node_modules/firebase-functions/lib/index.js\"}"}}
[debug] [2021-02-20T07:23:14.913Z] [runtime-status] [5607] Resolved module firebase-functions {"declared":true,"installed":true,"version":"3.13.1","resolution":"/Users/bassam/Projects/foodvisor/functions/node_modules/firebase-functions/lib/index.js"} {"metadata":{"emulator":{"name":"functions"},"function":{"name":"helloWorld"},"message":"[runtime-status] [5607] Resolved module firebase-functions {\"declared\":true,\"installed\":true,\"version\":\"3.13.1\",\"resolution\":\"/Users/bassam/Projects/foodvisor/functions/node_modules/firebase-functions/lib/index.js\"}"}}
[debug] [2021-02-20T07:23:14.915Z] [runtime-status] [5607] Outgoing network have been stubbed. [{"name":"http","status":"mocked"},{"name":"http","status":"mocked"},{"name":"https","status":"mocked"},{"name":"https","status":"mocked"},{"name":"net","status":"mocked"}] {"metadata":{"emulator":{"name":"functions"},"function":{"name":"helloWorld"},"message":"[runtime-status] [5607] Outgoing network have been stubbed. [{\"name\":\"http\",\"status\":\"mocked\"},{\"name\":\"http\",\"status\":\"mocked\"},{\"name\":\"https\",\"status\":\"mocked\"},{\"name\":\"https\",\"status\":\"mocked\"},{\"name\":\"net\",\"status\":\"mocked\"}]"}}
[debug] [2021-02-20T07:23:14.915Z] [runtime-status] [5607] Resolved module firebase-functions {"declared":true,"installed":true,"version":"3.13.1","resolution":"/Users/bassam/Projects/foodvisor/functions/node_modules/firebase-functions/lib/index.js"} {"metadata":{"emulator":{"name":"functions"},"function":{"name":"helloWorld"},"message":"[runtime-status] [5607] Resolved module firebase-functions {\"declared\":true,\"installed\":true,\"version\":\"3.13.1\",\"resolution\":\"/Users/bassam/Projects/foodvisor/functions/node_modules/firebase-functions/lib/index.js\"}"}}
[debug] [2021-02-20T07:23:14.985Z] [runtime-status] [5607] Checked functions.config() {"config":{}} {"metadata":{"emulator":{"name":"functions"},"function":{"name":"helloWorld"},"message":"[runtime-status] [5607] Checked functions.config() {\"config\":{}}"}}
[debug] [2021-02-20T07:23:14.985Z] [runtime-status] [5607] firebase-functions has been stubbed. {"functionsResolution":{"declared":true,"installed":true,"version":"3.13.1","resolution":"/Users/bassam/Projects/foodvisor/functions/node_modules/firebase-functions/lib/index.js"}} {"metadata":{"emulator":{"name":"functions"},"function":{"name":"helloWorld"},"message":"[runtime-status] [5607] firebase-functions has been stubbed. {\"functionsResolution\":{\"declared\":true,\"installed\":true,\"version\":\"3.13.1\",\"resolution\":\"/Users/bassam/Projects/foodvisor/functions/node_modules/firebase-functions/lib/index.js\"}}"}}
[debug] [2021-02-20T07:23:14.985Z] [runtime-status] [5607] Resolved module firebase-functions {"declared":true,"installed":true,"version":"3.13.1","resolution":"/Users/bassam/Projects/foodvisor/functions/node_modules/firebase-functions/lib/index.js"} {"metadata":{"emulator":{"name":"functions"},"function":{"name":"helloWorld"},"message":"[runtime-status] [5607] Resolved module firebase-functions {\"declared\":true,\"installed\":true,\"version\":\"3.13.1\",\"resolution\":\"/Users/bassam/Projects/foodvisor/functions/node_modules/firebase-functions/lib/index.js\"}"}}
[debug] [2021-02-20T07:23:14.986Z] [runtime-status] [5607] Resolved module firebase-admin {"declared":true,"installed":true,"version":"9.5.0","resolution":"/Users/bassam/Projects/foodvisor/functions/node_modules/firebase-admin/lib/index.js"} {"metadata":{"emulator":{"name":"functions"},"function":{"name":"helloWorld"},"message":"[runtime-status] [5607] Resolved module firebase-admin {\"declared\":true,\"installed\":true,\"version\":\"9.5.0\",\"resolution\":\"/Users/bassam/Projects/foodvisor/functions/node_modules/firebase-admin/lib/index.js\"}"}}
[debug] [2021-02-20T07:23:14.986Z] [runtime-status] [5607] Resolved module firebase-functions {"declared":true,"installed":true,"version":"3.13.1","resolution":"/Users/bassam/Projects/foodvisor/functions/node_modules/firebase-functions/lib/index.js"} {"metadata":{"emulator":{"name":"functions"},"function":{"name":"helloWorld"},"message":"[runtime-status] [5607] Resolved module firebase-functions {\"declared\":true,\"installed\":true,\"version\":\"3.13.1\",\"resolution\":\"/Users/bassam/Projects/foodvisor/functions/node_modules/firebase-functions/lib/index.js\"}"}}
[debug] [2021-02-20T07:23:14.986Z] [runtime-status] [5607] firebase-admin has been stubbed. {"adminResolution":{"declared":true,"installed":true,"version":"9.5.0","resolution":"/Users/bassam/Projects/foodvisor/functions/node_modules/firebase-admin/lib/index.js"}} {"metadata":{"emulator":{"name":"functions"},"function":{"name":"helloWorld"},"message":"[runtime-status] [5607] firebase-admin has been stubbed. {\"adminResolution\":{\"declared\":true,\"installed\":true,\"version\":\"9.5.0\",\"resolution\":\"/Users/bassam/Projects/foodvisor/functions/node_modules/firebase-admin/lib/index.js\"}}"}}
[debug] [2021-02-20T07:23:14.989Z] [runtime-status] [5607] Trigger "helloWorld" has been found, beginning invocation! {"metadata":{"emulator":{"name":"functions"},"function":{"name":"helloWorld"},"message":"[runtime-status] [5607] Trigger \"helloWorld\" has been found, beginning invocation!"}}
[info] i  functions: Beginning execution of "helloWorld" {"metadata":{"emulator":{"name":"functions"},"function":{"name":"helloWorld"},"message":"Beginning execution of \"helloWorld\""}}
[debug] [2021-02-20T07:23:14.990Z] [runtime-status] [5607] triggerDefinition {"httpsTrigger":{},"name":"helloWorld","entryPoint":"helloWorld"} {"metadata":{"emulator":{"name":"functions"},"function":{"name":"helloWorld"},"message":"[runtime-status] [5607] triggerDefinition {\"httpsTrigger\":{},\"name\":\"helloWorld\",\"entryPoint\":\"helloWorld\"}"}}
[debug] [2021-02-20T07:23:14.990Z] [runtime-status] [5607] Running helloWorld in mode HTTPS {"metadata":{"emulator":{"name":"functions"},"function":{"name":"helloWorld"},"message":"[runtime-status] [5607] Running helloWorld in mode HTTPS"}}
[debug] [2021-02-20T07:23:14.994Z] [runtime-status] [5607] Attempting to listen to socketPath: /var/folders/y0/ww23tctd5c59v6mkgwywzm0c0000gn/T/fire_emu_5607.sock {"metadata":{"emulator":{"name":"functions"},"function":{"name":"helloWorld"},"message":"[runtime-status] [5607] Attempting to listen to socketPath: /var/folders/y0/ww23tctd5c59v6mkgwywzm0c0000gn/T/fire_emu_5607.sock"}}
[debug] [2021-02-20T07:23:14.998Z] [functions] Runtime ready! Sending request! {"metadata":{"emulator":{"name":"functions"},"message":"[functions] Runtime ready! Sending request!"}}
[debug] [2021-02-20T07:23:14.999Z] [functions] Got req.url=/foodvisor-5f5fc/us-central1/helloWorld, mapping to path=/ {"metadata":{"emulator":{"name":"functions"},"message":"[functions] Got req.url=/foodvisor-5f5fc/us-central1/helloWorld, mapping to path=/"}}
[debug] [2021-02-20T07:23:15.006Z] [runtime-status] [5607] Ephemeral server handling GET request {"metadata":{"emulator":{"name":"functions"},"function":{"name":"helloWorld"},"message":"[runtime-status] [5607] Ephemeral server handling GET request"}}
[info] >  {"structuredData":true,"severity":"INFO","message":"Hello logs!"} {"user":{"structuredData":true,"severity":"INFO","message":"Hello logs!"},"metadata":{"emulator":{"name":"functions"},"function":{"name":"helloWorld"},"message":"\u001b[90m> \u001b[39m {\"structuredData\":true,\"severity\":\"INFO\",\"message\":\"Hello logs!\"}"}}
[debug] [2021-02-20T07:23:15.015Z] [runtime-status] [5607] Ephemeral server survived. {"metadata":{"emulator":{"name":"functions"},"function":{"name":"helloWorld"},"message":"[runtime-status] [5607] Ephemeral server survived."}}
[info] i  functions: Finished "helloWorld" in ~1s {"metadata":{"emulator":{"name":"functions"},"function":{"name":"helloWorld"},"message":"Finished \"helloWorld\" in ~1s"}}
[debug] [2021-02-20T07:23:15.018Z] [worker-helloWorld-05f9f6a6-89b0-4fdb-9852-acaacc210a48]: IDLE {"metadata":{"emulator":{"name":"functions"},"message":"[worker-helloWorld-05f9f6a6-89b0-4fdb-9852-acaacc210a48]: IDLE"}}
[debug] [2021-02-20T07:23:15.018Z] [work-queue] {"queueLength":0,"workRunningCount":0}
[debug] [2021-02-20T07:23:21.455Z] File /Users/bassam/Projects/foodvisor/functions/index.js changed, reloading triggers {"metadata":{"emulator":{"name":"functions"},"message":"File /Users/bassam/Projects/foodvisor/functions/index.js changed, reloading triggers"}}
[debug] [2021-02-20T07:23:22.456Z] [worker-pool] Shutting down IDLE worker (~diagnostic~) {"metadata":{"emulator":{"name":"functions"},"message":"[worker-pool] Shutting down IDLE worker (~diagnostic~)"}}
[debug] [2021-02-20T07:23:22.457Z] [worker-~diagnostic~-3b600d0e-b112-47ce-9f38-bdd61ffb2340]: FINISHING {"metadata":{"emulator":{"name":"functions"},"message":"[worker-~diagnostic~-3b600d0e-b112-47ce-9f38-bdd61ffb2340]: FINISHING"}}
[debug] [2021-02-20T07:23:22.457Z] [worker-pool] Shutting down IDLE worker (helloWorld) {"metadata":{"emulator":{"name":"functions"},"message":"[worker-pool] Shutting down IDLE worker (helloWorld)"}}
[debug] [2021-02-20T07:23:22.457Z] [worker-helloWorld-05f9f6a6-89b0-4fdb-9852-acaacc210a48]: FINISHING {"metadata":{"emulator":{"name":"functions"},"message":"[worker-helloWorld-05f9f6a6-89b0-4fdb-9852-acaacc210a48]: FINISHING"}}
[debug] [2021-02-20T07:23:22.465Z] [worker-pool] addWorker(~diagnostic~) {"metadata":{"emulator":{"name":"functions"},"message":"[worker-pool] addWorker(~diagnostic~)"}}
[debug] [2021-02-20T07:23:22.466Z] [worker-pool] Adding worker with key ~diagnostic~, total=2 {"metadata":{"emulator":{"name":"functions"},"message":"[worker-pool] Adding worker with key ~diagnostic~, total=2"}}
[debug] [2021-02-20T07:23:22.466Z] [worker-pool] submitWork(triggerId=) {"metadata":{"emulator":{"name":"functions"},"message":"[worker-pool] submitWork(triggerId=)"}}
[debug] [2021-02-20T07:23:22.466Z] [worker-~diagnostic~-a2da3c12-0bb9-4f54-81d6-9f850bb72672]: Assigning socketPath: /var/folders/y0/ww23tctd5c59v6mkgwywzm0c0000gn/T/fire_emu_5608.sock {"metadata":{"emulator":{"name":"functions"},"message":"[worker-~diagnostic~-a2da3c12-0bb9-4f54-81d6-9f850bb72672]: Assigning socketPath: /var/folders/y0/ww23tctd5c59v6mkgwywzm0c0000gn/T/fire_emu_5608.sock"}}
[debug] [2021-02-20T07:23:22.466Z] [worker-~diagnostic~-a2da3c12-0bb9-4f54-81d6-9f850bb72672]: BUSY {"metadata":{"emulator":{"name":"functions"},"message":"[worker-~diagnostic~-a2da3c12-0bb9-4f54-81d6-9f850bb72672]: BUSY"}}
[debug] [2021-02-20T07:23:22.468Z] [worker-~diagnostic~-3b600d0e-b112-47ce-9f38-bdd61ffb2340]: exited {"metadata":{"emulator":{"name":"functions"},"message":"[worker-~diagnostic~-3b600d0e-b112-47ce-9f38-bdd61ffb2340]: exited"}}
[debug] [2021-02-20T07:23:22.468Z] [worker-~diagnostic~-3b600d0e-b112-47ce-9f38-bdd61ffb2340]: FINISHED {"metadata":{"emulator":{"name":"functions"},"message":"[worker-~diagnostic~-3b600d0e-b112-47ce-9f38-bdd61ffb2340]: FINISHED"}}
[debug] [2021-02-20T07:23:22.468Z] [worker-helloWorld-05f9f6a6-89b0-4fdb-9852-acaacc210a48]: exited {"metadata":{"emulator":{"name":"functions"},"message":"[worker-helloWorld-05f9f6a6-89b0-4fdb-9852-acaacc210a48]: exited"}}
[debug] [2021-02-20T07:23:22.468Z] [worker-helloWorld-05f9f6a6-89b0-4fdb-9852-acaacc210a48]: FINISHED {"metadata":{"emulator":{"name":"functions"},"message":"[worker-helloWorld-05f9f6a6-89b0-4fdb-9852-acaacc210a48]: FINISHED"}}
[debug] [2021-02-20T07:23:22.610Z] [runtime-status] [5608] Functions runtime initialized. {"cwd":"/Users/bassam/Projects/foodvisor/functions","node_version":"15.5.0"} {"metadata":{"emulator":{"name":"functions"},"message":"[runtime-status] [5608] Functions runtime initialized. {\"cwd\":\"/Users/bassam/Projects/foodvisor/functions\",\"node_version\":\"15.5.0\"}"}}
[debug] [2021-02-20T07:23:22.612Z] [runtime-status] [5608] Disabled runtime features: undefined {"metadata":{"emulator":{"name":"functions"},"message":"[runtime-status] [5608] Disabled runtime features: undefined"}}
[debug] [2021-02-20T07:23:22.614Z] [runtime-status] [5608] Resolved module firebase-admin {"declared":true,"installed":true,"version":"9.5.0","resolution":"/Users/bassam/Projects/foodvisor/functions/node_modules/firebase-admin/lib/index.js"} {"metadata":{"emulator":{"name":"functions"},"message":"[runtime-status] [5608] Resolved module firebase-admin {\"declared\":true,\"installed\":true,\"version\":\"9.5.0\",\"resolution\":\"/Users/bassam/Projects/foodvisor/functions/node_modules/firebase-admin/lib/index.js\"}"}}
[debug] [2021-02-20T07:23:22.615Z] [runtime-status] [5608] Resolved module firebase-functions {"declared":true,"installed":true,"version":"3.13.1","resolution":"/Users/bassam/Projects/foodvisor/functions/node_modules/firebase-functions/lib/index.js"} {"metadata":{"emulator":{"name":"functions"},"message":"[runtime-status] [5608] Resolved module firebase-functions {\"declared\":true,\"installed\":true,\"version\":\"3.13.1\",\"resolution\":\"/Users/bassam/Projects/foodvisor/functions/node_modules/firebase-functions/lib/index.js\"}"}}
[debug] [2021-02-20T07:23:22.617Z] [runtime-status] [5608] Resolved module firebase-functions {"declared":true,"installed":true,"version":"3.13.1","resolution":"/Users/bassam/Projects/foodvisor/functions/node_modules/firebase-functions/lib/index.js"} {"metadata":{"emulator":{"name":"functions"},"message":"[runtime-status] [5608] Resolved module firebase-functions {\"declared\":true,\"installed\":true,\"version\":\"3.13.1\",\"resolution\":\"/Users/bassam/Projects/foodvisor/functions/node_modules/firebase-functions/lib/index.js\"}"}}
[debug] [2021-02-20T07:23:22.619Z] [runtime-status] [5608] Outgoing network have been stubbed. [{"name":"http","status":"mocked"},{"name":"http","status":"mocked"},{"name":"https","status":"mocked"},{"name":"https","status":"mocked"},{"name":"net","status":"mocked"}] {"metadata":{"emulator":{"name":"functions"},"message":"[runtime-status] [5608] Outgoing network have been stubbed. [{\"name\":\"http\",\"status\":\"mocked\"},{\"name\":\"http\",\"status\":\"mocked\"},{\"name\":\"https\",\"status\":\"mocked\"},{\"name\":\"https\",\"status\":\"mocked\"},{\"name\":\"net\",\"status\":\"mocked\"}]"}}
[debug] [2021-02-20T07:23:22.619Z] [runtime-status] [5608] Resolved module firebase-functions {"declared":true,"installed":true,"version":"3.13.1","resolution":"/Users/bassam/Projects/foodvisor/functions/node_modules/firebase-functions/lib/index.js"} {"metadata":{"emulator":{"name":"functions"},"message":"[runtime-status] [5608] Resolved module firebase-functions {\"declared\":true,\"installed\":true,\"version\":\"3.13.1\",\"resolution\":\"/Users/bassam/Projects/foodvisor/functions/node_modules/firebase-functions/lib/index.js\"}"}}
[debug] [2021-02-20T07:23:22.656Z] [runtime-status] [5608] Checked functions.config() {"config":{}} {"metadata":{"emulator":{"name":"functions"},"message":"[runtime-status] [5608] Checked functions.config() {\"config\":{}}"}}
[debug] [2021-02-20T07:23:22.657Z] [runtime-status] [5608] firebase-functions has been stubbed. {"functionsResolution":{"declared":true,"installed":true,"version":"3.13.1","resolution":"/Users/bassam/Projects/foodvisor/functions/node_modules/firebase-functions/lib/index.js"}} {"metadata":{"emulator":{"name":"functions"},"message":"[runtime-status] [5608] firebase-functions has been stubbed. {\"functionsResolution\":{\"declared\":true,\"installed\":true,\"version\":\"3.13.1\",\"resolution\":\"/Users/bassam/Projects/foodvisor/functions/node_modules/firebase-functions/lib/index.js\"}}"}}
[debug] [2021-02-20T07:23:22.657Z] [runtime-status] [5608] Resolved module firebase-functions {"declared":true,"installed":true,"version":"3.13.1","resolution":"/Users/bassam/Projects/foodvisor/functions/node_modules/firebase-functions/lib/index.js"} {"metadata":{"emulator":{"name":"functions"},"message":"[runtime-status] [5608] Resolved module firebase-functions {\"declared\":true,\"installed\":true,\"version\":\"3.13.1\",\"resolution\":\"/Users/bassam/Projects/foodvisor/functions/node_modules/firebase-functions/lib/index.js\"}"}}
[debug] [2021-02-20T07:23:22.658Z] [runtime-status] [5608] Resolved module firebase-admin {"declared":true,"installed":true,"version":"9.5.0","resolution":"/Users/bassam/Projects/foodvisor/functions/node_modules/firebase-admin/lib/index.js"} {"metadata":{"emulator":{"name":"functions"},"message":"[runtime-status] [5608] Resolved module firebase-admin {\"declared\":true,\"installed\":true,\"version\":\"9.5.0\",\"resolution\":\"/Users/bassam/Projects/foodvisor/functions/node_modules/firebase-admin/lib/index.js\"}"}}
[debug] [2021-02-20T07:23:22.658Z] [runtime-status] [5608] Resolved module firebase-functions {"declared":true,"installed":true,"version":"3.13.1","resolution":"/Users/bassam/Projects/foodvisor/functions/node_modules/firebase-functions/lib/index.js"} {"metadata":{"emulator":{"name":"functions"},"message":"[runtime-status] [5608] Resolved module firebase-functions {\"declared\":true,\"installed\":true,\"version\":\"3.13.1\",\"resolution\":\"/Users/bassam/Projects/foodvisor/functions/node_modules/firebase-functions/lib/index.js\"}"}}
[debug] [2021-02-20T07:23:22.658Z] [runtime-status] [5608] firebase-admin has been stubbed. {"adminResolution":{"declared":true,"installed":true,"version":"9.5.0","resolution":"/Users/bassam/Projects/foodvisor/functions/node_modules/firebase-admin/lib/index.js"}} {"metadata":{"emulator":{"name":"functions"},"message":"[runtime-status] [5608] firebase-admin has been stubbed. {\"adminResolution\":{\"declared\":true,\"installed\":true,\"version\":\"9.5.0\",\"resolution\":\"/Users/bassam/Projects/foodvisor/functions/node_modules/firebase-admin/lib/index.js\"}}"}}
[debug] [2021-02-20T07:23:22.659Z] [worker-~diagnostic~-a2da3c12-0bb9-4f54-81d6-9f850bb72672]: IDLE {"metadata":{"emulator":{"name":"functions"},"message":"[worker-~diagnostic~-a2da3c12-0bb9-4f54-81d6-9f850bb72672]: IDLE"}}
[debug] [2021-02-20T07:23:23.909Z] [work-queue] {"queueLength":1,"workRunningCount":0}
[debug] [2021-02-20T07:23:23.909Z] [work-queue] {"queueLength":0,"workRunningCount":1}
[debug] [2021-02-20T07:23:23.909Z] Accepted request GET /foodvisor-5f5fc/us-central1/helloWorld --> helloWorld
[debug] [2021-02-20T07:23:23.909Z] [worker-pool] Cleaned up workers for ~diagnostic~: 2 --> 1 {"metadata":{"emulator":{"name":"functions"},"message":"[worker-pool] Cleaned up workers for ~diagnostic~: 2 --> 1"}}
[debug] [2021-02-20T07:23:23.909Z] [worker-pool] Cleaned up workers for helloWorld: 1 --> 0 {"metadata":{"emulator":{"name":"functions"},"message":"[worker-pool] Cleaned up workers for helloWorld: 1 --> 0"}}
[debug] [2021-02-20T07:23:23.914Z] [worker-pool] addWorker(helloWorld) {"metadata":{"emulator":{"name":"functions"},"message":"[worker-pool] addWorker(helloWorld)"}}
[debug] [2021-02-20T07:23:23.915Z] [worker-pool] Adding worker with key helloWorld, total=1 {"metadata":{"emulator":{"name":"functions"},"message":"[worker-pool] Adding worker with key helloWorld, total=1"}}
[debug] [2021-02-20T07:23:23.915Z] [worker-pool] submitWork(triggerId=helloWorld) {"metadata":{"emulator":{"name":"functions"},"message":"[worker-pool] submitWork(triggerId=helloWorld)"}}
[debug] [2021-02-20T07:23:23.915Z] [worker-helloWorld-b2242c6e-d3fa-4ab0-b3dd-658fd480985e]: Assigning socketPath: /var/folders/y0/ww23tctd5c59v6mkgwywzm0c0000gn/T/fire_emu_5617.sock {"metadata":{"emulator":{"name":"functions"},"message":"[worker-helloWorld-b2242c6e-d3fa-4ab0-b3dd-658fd480985e]: Assigning socketPath: /var/folders/y0/ww23tctd5c59v6mkgwywzm0c0000gn/T/fire_emu_5617.sock"}}
[debug] [2021-02-20T07:23:23.915Z] [worker-helloWorld-b2242c6e-d3fa-4ab0-b3dd-658fd480985e]: BUSY {"metadata":{"emulator":{"name":"functions"},"message":"[worker-helloWorld-b2242c6e-d3fa-4ab0-b3dd-658fd480985e]: BUSY"}}
[debug] [2021-02-20T07:23:24.038Z] [runtime-status] [5617] Functions runtime initialized. {"cwd":"/Users/bassam/Projects/foodvisor/functions","node_version":"15.5.0"} {"metadata":{"emulator":{"name":"functions"},"function":{"name":"helloWorld"},"message":"[runtime-status] [5617] Functions runtime initialized. {\"cwd\":\"/Users/bassam/Projects/foodvisor/functions\",\"node_version\":\"15.5.0\"}"}}
[debug] [2021-02-20T07:23:24.039Z] [runtime-status] [5617] Disabled runtime features: undefined {"metadata":{"emulator":{"name":"functions"},"function":{"name":"helloWorld"},"message":"[runtime-status] [5617] Disabled runtime features: undefined"}}
[debug] [2021-02-20T07:23:24.040Z] [runtime-status] [5617] Resolved module firebase-admin {"declared":true,"installed":true,"version":"9.5.0","resolution":"/Users/bassam/Projects/foodvisor/functions/node_modules/firebase-admin/lib/index.js"} {"metadata":{"emulator":{"name":"functions"},"function":{"name":"helloWorld"},"message":"[runtime-status] [5617] Resolved module firebase-admin {\"declared\":true,\"installed\":true,\"version\":\"9.5.0\",\"resolution\":\"/Users/bassam/Projects/foodvisor/functions/node_modules/firebase-admin/lib/index.js\"}"}}
[debug] [2021-02-20T07:23:24.041Z] [runtime-status] [5617] Resolved module firebase-functions {"declared":true,"installed":true,"version":"3.13.1","resolution":"/Users/bassam/Projects/foodvisor/functions/node_modules/firebase-functions/lib/index.js"} {"metadata":{"emulator":{"name":"functions"},"function":{"name":"helloWorld"},"message":"[runtime-status] [5617] Resolved module firebase-functions {\"declared\":true,\"installed\":true,\"version\":\"3.13.1\",\"resolution\":\"/Users/bassam/Projects/foodvisor/functions/node_modules/firebase-functions/lib/index.js\"}"}}
[debug] [2021-02-20T07:23:24.043Z] [runtime-status] [5617] Resolved module firebase-functions {"declared":true,"installed":true,"version":"3.13.1","resolution":"/Users/bassam/Projects/foodvisor/functions/node_modules/firebase-functions/lib/index.js"} {"metadata":{"emulator":{"name":"functions"},"function":{"name":"helloWorld"},"message":"[runtime-status] [5617] Resolved module firebase-functions {\"declared\":true,\"installed\":true,\"version\":\"3.13.1\",\"resolution\":\"/Users/bassam/Projects/foodvisor/functions/node_modules/firebase-functions/lib/index.js\"}"}}
[debug] [2021-02-20T07:23:24.045Z] [runtime-status] [5617] Outgoing network have been stubbed. [{"name":"http","status":"mocked"},{"name":"http","status":"mocked"},{"name":"https","status":"mocked"},{"name":"https","status":"mocked"},{"name":"net","status":"mocked"}] {"metadata":{"emulator":{"name":"functions"},"function":{"name":"helloWorld"},"message":"[runtime-status] [5617] Outgoing network have been stubbed. [{\"name\":\"http\",\"status\":\"mocked\"},{\"name\":\"http\",\"status\":\"mocked\"},{\"name\":\"https\",\"status\":\"mocked\"},{\"name\":\"https\",\"status\":\"mocked\"},{\"name\":\"net\",\"status\":\"mocked\"}]"}}
[debug] [2021-02-20T07:23:24.045Z] [runtime-status] [5617] Resolved module firebase-functions {"declared":true,"installed":true,"version":"3.13.1","resolution":"/Users/bassam/Projects/foodvisor/functions/node_modules/firebase-functions/lib/index.js"} {"metadata":{"emulator":{"name":"functions"},"function":{"name":"helloWorld"},"message":"[runtime-status] [5617] Resolved module firebase-functions {\"declared\":true,\"installed\":true,\"version\":\"3.13.1\",\"resolution\":\"/Users/bassam/Projects/foodvisor/functions/node_modules/firebase-functions/lib/index.js\"}"}}
[debug] [2021-02-20T07:23:24.079Z] [runtime-status] [5617] Checked functions.config() {"config":{}} {"metadata":{"emulator":{"name":"functions"},"function":{"name":"helloWorld"},"message":"[runtime-status] [5617] Checked functions.config() {\"config\":{}}"}}
[debug] [2021-02-20T07:23:24.080Z] [runtime-status] [5617] firebase-functions has been stubbed. {"functionsResolution":{"declared":true,"installed":true,"version":"3.13.1","resolution":"/Users/bassam/Projects/foodvisor/functions/node_modules/firebase-functions/lib/index.js"}} {"metadata":{"emulator":{"name":"functions"},"function":{"name":"helloWorld"},"message":"[runtime-status] [5617] firebase-functions has been stubbed. {\"functionsResolution\":{\"declared\":true,\"installed\":true,\"version\":\"3.13.1\",\"resolution\":\"/Users/bassam/Projects/foodvisor/functions/node_modules/firebase-functions/lib/index.js\"}}"}}
[debug] [2021-02-20T07:23:24.081Z] [runtime-status] [5617] Resolved module firebase-functions {"declared":true,"installed":true,"version":"3.13.1","resolution":"/Users/bassam/Projects/foodvisor/functions/node_modules/firebase-functions/lib/index.js"} {"metadata":{"emulator":{"name":"functions"},"function":{"name":"helloWorld"},"message":"[runtime-status] [5617] Resolved module firebase-functions {\"declared\":true,\"installed\":true,\"version\":\"3.13.1\",\"resolution\":\"/Users/bassam/Projects/foodvisor/functions/node_modules/firebase-functions/lib/index.js\"}"}}
[debug] [2021-02-20T07:23:24.081Z] [runtime-status] [5617] Resolved module firebase-admin {"declared":true,"installed":true,"version":"9.5.0","resolution":"/Users/bassam/Projects/foodvisor/functions/node_modules/firebase-admin/lib/index.js"} {"metadata":{"emulator":{"name":"functions"},"function":{"name":"helloWorld"},"message":"[runtime-status] [5617] Resolved module firebase-admin {\"declared\":true,\"installed\":true,\"version\":\"9.5.0\",\"resolution\":\"/Users/bassam/Projects/foodvisor/functions/node_modules/firebase-admin/lib/index.js\"}"}}
[debug] [2021-02-20T07:23:24.081Z] [runtime-status] [5617] Resolved module firebase-functions {"declared":true,"installed":true,"version":"3.13.1","resolution":"/Users/bassam/Projects/foodvisor/functions/node_modules/firebase-functions/lib/index.js"} {"metadata":{"emulator":{"name":"functions"},"function":{"name":"helloWorld"},"message":"[runtime-status] [5617] Resolved module firebase-functions {\"declared\":true,\"installed\":true,\"version\":\"3.13.1\",\"resolution\":\"/Users/bassam/Projects/foodvisor/functions/node_modules/firebase-functions/lib/index.js\"}"}}
[debug] [2021-02-20T07:23:24.083Z] [runtime-status] [5617] firebase-admin has been stubbed. {"adminResolution":{"declared":true,"installed":true,"version":"9.5.0","resolution":"/Users/bassam/Projects/foodvisor/functions/node_modules/firebase-admin/lib/index.js"}} {"metadata":{"emulator":{"name":"functions"},"function":{"name":"helloWorld"},"message":"[runtime-status] [5617] firebase-admin has been stubbed. {\"adminResolution\":{\"declared\":true,\"installed\":true,\"version\":\"9.5.0\",\"resolution\":\"/Users/bassam/Projects/foodvisor/functions/node_modules/firebase-admin/lib/index.js\"}}"}}
[debug] [2021-02-20T07:23:24.083Z] [runtime-status] [5617] Trigger "helloWorld" has been found, beginning invocation! {"metadata":{"emulator":{"name":"functions"},"function":{"name":"helloWorld"},"message":"[runtime-status] [5617] Trigger \"helloWorld\" has been found, beginning invocation!"}}
[info] i  functions: Beginning execution of "helloWorld" {"metadata":{"emulator":{"name":"functions"},"function":{"name":"helloWorld"},"message":"Beginning execution of \"helloWorld\""}}
[debug] [2021-02-20T07:23:24.083Z] [runtime-status] [5617] triggerDefinition {"httpsTrigger":{},"name":"helloWorld","entryPoint":"helloWorld"} {"metadata":{"emulator":{"name":"functions"},"function":{"name":"helloWorld"},"message":"[runtime-status] [5617] triggerDefinition {\"httpsTrigger\":{},\"name\":\"helloWorld\",\"entryPoint\":\"helloWorld\"}"}}
[debug] [2021-02-20T07:23:24.084Z] [runtime-status] [5617] Running helloWorld in mode HTTPS {"metadata":{"emulator":{"name":"functions"},"function":{"name":"helloWorld"},"message":"[runtime-status] [5617] Running helloWorld in mode HTTPS"}}
[debug] [2021-02-20T07:23:24.089Z] [runtime-status] [5617] Attempting to listen to socketPath: /var/folders/y0/ww23tctd5c59v6mkgwywzm0c0000gn/T/fire_emu_5617.sock {"metadata":{"emulator":{"name":"functions"},"function":{"name":"helloWorld"},"message":"[runtime-status] [5617] Attempting to listen to socketPath: /var/folders/y0/ww23tctd5c59v6mkgwywzm0c0000gn/T/fire_emu_5617.sock"}}
[debug] [2021-02-20T07:23:24.091Z] [functions] Runtime ready! Sending request! {"metadata":{"emulator":{"name":"functions"},"message":"[functions] Runtime ready! Sending request!"}}
[debug] [2021-02-20T07:23:24.091Z] [functions] Got req.url=/foodvisor-5f5fc/us-central1/helloWorld, mapping to path=/ {"metadata":{"emulator":{"name":"functions"},"message":"[functions] Got req.url=/foodvisor-5f5fc/us-central1/helloWorld, mapping to path=/"}}
[debug] [2021-02-20T07:23:24.097Z] [runtime-status] [5617] Ephemeral server handling GET request {"metadata":{"emulator":{"name":"functions"},"function":{"name":"helloWorld"},"message":"[runtime-status] [5617] Ephemeral server handling GET request"}}
[info] >  {"structuredData":true,"severity":"INFO","message":"Hello logs!"} {"user":{"structuredData":true,"severity":"INFO","message":"Hello logs!"},"metadata":{"emulator":{"name":"functions"},"function":{"name":"helloWorld"},"message":"\u001b[90m> \u001b[39m {\"structuredData\":true,\"severity\":\"INFO\",\"message\":\"Hello logs!\"}"}}
[debug] [2021-02-20T07:23:24.104Z] [runtime-status] [5617] Ephemeral server survived. {"metadata":{"emulator":{"name":"functions"},"function":{"name":"helloWorld"},"message":"[runtime-status] [5617] Ephemeral server survived."}}
[info] i  functions: Finished "helloWorld" in ~1s {"metadata":{"emulator":{"name":"functions"},"function":{"name":"helloWorld"},"message":"Finished \"helloWorld\" in ~1s"}}
[debug] [2021-02-20T07:23:24.106Z] [worker-helloWorld-b2242c6e-d3fa-4ab0-b3dd-658fd480985e]: IDLE {"metadata":{"emulator":{"name":"functions"},"message":"[worker-helloWorld-b2242c6e-d3fa-4ab0-b3dd-658fd480985e]: IDLE"}}
[debug] [2021-02-20T07:23:24.107Z] [work-queue] {"queueLength":0,"workRunningCount":0}
